[INFO  - 2020-02-15T13:10:51.076Z] GhostDriver - Main - running on port 47499
[INFO  - 2020-02-15T13:10:51.877Z] Session [9762f1c0-4ff4-11ea-bd42-01f532069e40] - page.settings - {"XSSAuditingEnabled":false,"javascriptCanCloseWindows":true,"javascriptCanOpenWindows":true,"javascriptEnabled":true,"loadImages":true,"localToRemoteUrlAccessEnabled":false,"userAgent":"Mozilla/5.0 (Unknown; Linux x86_64) AppleWebKit/538.1 (KHTML, like Gecko) PhantomJS/2.1.1 Safari/538.1","webSecurityEnabled":true}
[INFO  - 2020-02-15T13:10:51.877Z] Session [9762f1c0-4ff4-11ea-bd42-01f532069e40] - page.customHeaders:  - {}
[INFO  - 2020-02-15T13:10:51.877Z] Session [9762f1c0-4ff4-11ea-bd42-01f532069e40] - Session.negotiatedCapabilities - {"browserName":"phantomjs","version":"2.1.1","driverName":"ghostdriver","driverVersion":"1.2.0","platform":"linux-unknown-64bit","javascriptEnabled":true,"takesScreenshot":true,"handlesAlerts":false,"databaseEnabled":false,"locationContextEnabled":false,"applicationCacheEnabled":false,"browserConnectionEnabled":false,"cssSelectorsEnabled":true,"webStorageEnabled":false,"rotatable":false,"acceptSslCerts":false,"nativeEvents":true,"proxy":{"proxyType":"direct"}}
[INFO  - 2020-02-15T13:10:51.878Z] SessionManagerReqHand - _postNewSessionCommand - New Session Created: 9762f1c0-4ff4-11ea-bd42-01f532069e40
[ERROR - 2020-02-15T13:10:53.992Z] Session [9762f1c0-4ff4-11ea-bd42-01f532069e40] - page.onError - msg: TypeError: undefined is not a function (evaluating 'r.includes("m.ralali.com")')

  phantomjs://platform/console++.js:263 in error
[ERROR - 2020-02-15T13:10:53.992Z] Session [9762f1c0-4ff4-11ea-bd42-01f532069e40] - page.onError - stack:
  (anonymous function) (https://www.ralali.com/:1)

  phantomjs://platform/console++.js:263 in error
[ERROR - 2020-02-15T13:10:54.057Z] Session [9762f1c0-4ff4-11ea-bd42-01f532069e40] - page.onError - msg: TypeError: undefined is not a constructor (evaluating 'mutation.addedNodes[i].src.includes('smartlock.google.com/iframe/')')

  phantomjs://platform/console++.js:263 in error
[ERROR - 2020-02-15T13:10:54.057Z] Session [9762f1c0-4ff4-11ea-bd42-01f532069e40] - page.onError - stack:
  (anonymous function) (https://www.ralali.com/:6719)
  forEach (:0)
  (anonymous function) (https://www.ralali.com/:6717)

  phantomjs://platform/console++.js:263 in error
[ERROR - 2020-02-15T13:10:56.615Z] Session [9762f1c0-4ff4-11ea-bd42-01f532069e40] - page.onError - msg: TypeError: undefined is not a constructor (evaluating 'mutation.addedNodes[i].src.includes('smartlock.google.com/iframe/')')

  phantomjs://platform/console++.js:263 in error
[ERROR - 2020-02-15T13:10:56.615Z] Session [9762f1c0-4ff4-11ea-bd42-01f532069e40] - page.onError - stack:
  (anonymous function) (https://www.ralali.com/:6719)
  forEach (:0)
  (anonymous function) (https://www.ralali.com/:6717)

  phantomjs://platform/console++.js:263 in error
